boost_1_79_0.tar.gz
catch2-2.13.9.tar.gz
cmake-3.23.1.tar.gz
cpython-3.8.10-externals-win-x64.zip
cpython-3.8.10.tar.gz
expected-lite-0.5.0.tar.gz
fmt-8.1.1.tar.gz
gflags-2.2.2.tar.gz
glfw-3.3.7.tar.gz
imgui-1.87.tar.gz
implot-0.13.tar.gz
libffi-3.4.2.tar.gz
libtorch-cxx11-abi-shared-with-deps-1.8.2+cpu.zip
libtorch-win-shared-with-deps-1.8.2+cu111.zip
libxl-4.0.3.tar.gz
lua-language-server-3.2.5-linux-x64.tar.gz
mujoco-2.1.5-linux-x86_64.tar.gz
mujoco-2.1.5-windows-x86_64.zip
nodeeditor-2.2.2.tar.gz
nvim-0.7.0-linux-x86_64.tar.gz
openssl-1.1.1m.tar.gz
pybind11-2.9.2.tar.gz
qtbase-everywhere-opensource-src-5.15.3.tar.xz
qttools-everywhere-opensource-src-5.15.3.tar.xz
spdlog-1.10.0.tar.gz
sqlite-version-3.35.5.tar.gz
t10k-images-idx3-ubyte.gz
t10k-labels-idx1-ubyte.gz
train-images-idx3-ubyte.gz
train-labels-idx1-ubyte.gz
zlib-1.2.12.tar.gz
